<?xml version="1.0" encoding="UTF-8"?>
<testsuite xmlns:xsi="http://www.w3.org/2001/XMLSchema-instance" xsi:noNamespaceSchemaLocation="https://maven.apache.org/surefire/maven-surefire-plugin/xsd/surefire-test-report-3.0.xsd" version="3.0" name="org.acme.aloha.code.test.AlohaCodeDevModeTest" time="1.833" tests="1" errors="0" skipped="0" failures="0">
  <properties>
[...]
</properties>
  <testcase name="writeYourOwnDevModeTest" classname="org.acme.aloha.code.test.AlohaCodeDevModeTest" time="1.817">
    <system-out><![CDATA[__  ____  __  _____   ___  __ ____  ______ 
 --/ __ \/ / / / _ | / _ \/ //_/ / / / __/ 
 -/ /_/ / /_/ / __ |/ , _/ ,< / /_/ /\ \   
--\___\_\____/_/ |_/_/|_/_/|_|\____/___/   
2021-04-27 10:51:29,371 INFO  [io.quarkus] (Quarkus Main Thread) Quarkus 999-SNAPSHOT on JVM started in 0.702s. 
2021-04-27 10:51:29,373 INFO  [io.quarkus] (Quarkus Main Thread) Profile dev activated. Live Coding activated.
2021-04-27 10:51:29,373 INFO  [io.quarkus] (Quarkus Main Thread) Installed features: [aloha-code, cdi]
2021-04-27 10:51:29,406 INFO  [io.quarkus] (Quarkus Main Thread) Quarkus stopped in 0.023s
]]></system-out>
  </testcase>
</testsuite>